L'usuari iker@gmail.com ha realitzat l'acció CONTACTE el dia 02/03/2026 a l'hora 08:48:27
L'usuari iker@gmail.com ha realitzat l'acció REGISTRE el dia 02/03/2026 a l'hora 12:37:51
L'usuari iker@gmail.com ha realitzat l'acció REGISTRE el dia 02/03/2026 a l'hora 12:38:10
L'usuari iker@gmail.com ha realitzat l'acció REGISTRE el dia 02/03/2026 a l'hora 12:39:20
L'usuari iker@gmail.com ha realitzat l'acció REGISTRE el dia 02/03/2026 a l'hora 15:59:56
L'usuari iker@gmail.com ha realitzat l'acció REGISTRE el dia 02/03/2026 a l'hora 16:00:04
L'usuari iker@gmail.com ha realitzat l'acció REGISTRE el dia 02/03/2026 a l'hora 16:05:01
L'usuari iker@gmail.com ha realitzat l'acció REGISTRE el dia 02/03/2026 a l'hora 16:05:04
L'usuari iker@gmail.com ha realitzat l'acció REGISTRE el dia 02/03/2026 a l'hora 16:05:20
L'usuari iker@gmail.com ha realitzat l'acció REGISTRE el dia 03/03/2026 a l'hora 03:31:27
L'usuari iker@gmail.com ha realitzat l'acció REGISTRE el dia 03/03/2026 a l'hora 03:31:47
L'usuari iker@gmail.com ha realitzat l'acció REGISTRE el dia 03/03/2026 a l'hora 03:32:34
L'usuari iker@gmail.com ha realitzat l'acció REGISTRE el dia 03/03/2026 a l'hora 03:36:49
L'usuari iker@gmail.com ha realitzat l'acció REGISTRE el dia 03/03/2026 a l'hora 03:37:16
L'usuari iker@gmail.com ha realitzat l'acció REGISTRE el dia 03/03/2026 a l'hora 03:41:20
L'usuari iker@gmail.com ha realitzat l'acció REGISTRE el dia 03/03/2026 a l'hora 04:09:58
L'usuari iker@gmail.com ha realitzat l'acció REGISTRE el dia 03/03/2026 a l'hora 04:10:48
L'usuari cesar@gmail.com ha realitzat l'acció REGISTRE el dia 03/03/2026 a l'hora 04:11:15
L'usuari saul@gmail.com ha realitzat l'acció REGISTRE el dia 03/03/2026 a l'hora 04:11:37
L'usuari saul@gmail.com ha realitzat l'acció REGISTRE el dia 03/03/2026 a l'hora 04:11:42
L'usuari yoel@gmail.com ha realitzat l'acció REGISTRE el dia 03/03/2026 a l'hora 04:12:57
